[0;32m[14:34:43][0m ════════════════════════════════════════════════════════════════
[0;32m[14:34:43][0m NS∞ FIRST OPERATIONAL CLOSURE — UNIFIED ORCHESTRATION
[0;32m[14:34:43][0m ════════════════════════════════════════════════════════════════
[0;32m[14:34:43][0m Status: GREEN = GO | Runtime: /Users/axiolevns/axiolev_runtime
[0;32m[14:34:43][0m 
[0;34m[TASK][0m T1-TOP: Starting service rebuild...
[0;32m[14:34:43][0m T1-TOP    → PID 8725
[0;32m[14:34:43][0m Building ns_core and integrity...
[0;34m[TASK][0m T2-BLUE: Validating model router...
[0;32m[14:34:43][0m T2-BLUE   → PID 8734
[0;34m[TASK][0m T3-MIDDLE: Validating memory layer...
[0;32m[14:34:43][0m T3-MIDDLE → PID 8744
[0;34m[TASK][0m T4-RED: Running final validation...
[0;32m[14:34:43][0m T4-RED    → PID 8751
[0;32m[14:34:43][0m 
[0;32m[14:34:43][0m Waiting for all 4 tasks...
[0;32m[14:34:44][0m Starting services...
[0;32m[✓][0m T2-BLUE: 3/3 models
[0;32m[✓][0m T2-BLUE: Router status live
[0;32m[✓][0m T2-BLUE: Complete
[0;32m[✓][0m T3-MIDDLE: (1 row) atoms
[0;32m[✓][0m T3-MIDDLE: (1 row) edges
[0;32m[✓][0m T3-MIDDLE: Graph live
[0;32m[✓][0m T3-MIDDLE: Complete
[0;32m[14:34:48][0m Creating LAST_SHUTDOWN.json...
[0;32m[✓][0m LAST_SHUTDOWN.json created
[0;32m[14:34:48][0m Git operations...
[0;32m[✓][0m T4-RED: Complete
[0;32m[✓][0m T1-TOP: ns_core healthy
[0;32m[✓][0m T1-TOP: integrity healthy
[0;32m[✓][0m T1-TOP: Complete
[0;32m[14:35:03][0m 
[0;32m[14:35:03][0m ════════════════════════════════════════════════════════════════
[0;32m[14:35:03][0m 
[0;32m[✓][0m ✓ ALL 4 TASKS COMPLETE
[0;32m[14:35:03][0m 
[0;32m[✓][0m NS∞ FIRST OPERATIONAL CLOSURE — COMPLETE
