2026-04-19T23:18:41Z [CLOSURE_V2] >>> NS∞ Closure Max v2 — start 20260419T231841Z
2026-04-19T23:18:41Z [CLOSURE_V2] INFO repo: /Users/axiolevns/axiolev_runtime branch: boot-operational-closure
2026-04-19T23:18:41Z [CLOSURE_V2] INFO flags: scrub=0 push=0 dry=0 pull=0 skip_boot=0 single=
2026-04-19T23:18:41Z [CLOSURE_V2] >>> Z-1 bootstrap gate
2026-04-19T23:18:41Z [CLOSURE_V2] OK   manifold tag present → skipping 7-phase bootstrap (forward-only)
2026-04-19T23:18:41Z [CLOSURE_V2] >>> Z0 preflight + safety
2026-04-19T23:18:41Z [CLOSURE_V2] OK   branch: boot-operational-closure
2026-04-19T23:18:41Z [CLOSURE_V2] OK   Alexandrian Archive mount: /Volumes/NSExternal/ALEXANDRIA (writable)
2026-04-19T23:18:41Z [CLOSURE_V2] INFO YubiKey expected serial: 26116460 (I4/I9 hardware quorum)
2026-04-19T23:18:41Z [CLOSURE_V2] WARN working tree dirty — closure will stage new files only
2026-04-19T23:18:41Z [CLOSURE_V2] >>> Z1 security scrub
2026-04-19T23:18:41Z [CLOSURE_V2] OK   gitleaks present: /opt/homebrew/bin/gitleaks
2026-04-19T23:18:41Z [CLOSURE_V2] OK   wrote /Users/axiolevns/axiolev_runtime/.gitleaks.toml
2026-04-19T23:18:41Z [CLOSURE_V2] ==> gitleaks repo-wide detect
[90m4:18PM[0m [32mINF[0m [1m338 commits scanned.[0m
[90m4:18PM[0m [32mINF[0m [1mscanned ~82909423 bytes (82.91 MB) in 2.44s[0m
[90m4:18PM[0m [33mWRN[0m [1mleaks found: 18[0m
2026-04-19T23:18:44Z [CLOSURE_V2] WARN gitleaks reported findings -> /Users/axiolevns/axiolev_runtime/artifacts/gitleaks_20260419T231841Z.json
2026-04-19T23:18:44Z [CLOSURE_V2] OK   wrote /Users/axiolevns/axiolev_runtime/.git/hooks/pre-commit
[90m4:18PM[0m [32mINF[0m [1m0 commits scanned.[0m
[90m4:18PM[0m [32mINF[0m [1mscanned ~101149 bytes (101.15 KB) in 75.6ms[0m
[90m4:18PM[0m [32mINF[0m [1mno leaks found[0m
[boot-operational-closure 6375f23] Z1: security scrub + gitleaks hook — AXIOLEV Holdings LLC © 2026
 9 files changed, 2741 insertions(+)
 create mode 100644 .gitleaks.toml
 create mode 100644 .terminal_manager/logs/closure_return_20260419T224057Z.md
 create mode 100644 .terminal_manager/logs/closure_v2_20260419T231841Z.log
 create mode 100644 .terminal_manager/logs/lineage_CLOSURE_V2_20260419T231841Z.jsonl
 create mode 100644 artifacts/gitleaks_20260419T231841Z.json
 create mode 100644 artifacts/push_gate.state
 create mode 100755 ns_closure_max_v2.sh
2026-04-19T23:18:44Z [CLOSURE_V2] >>> Z2 live ontology audit
2026-04-19T23:19:42Z [CLOSURE_V2] WARN deprecated ontology names present — see /Users/axiolevns/axiolev_runtime/artifacts/ontology_audit_20260419T231841Z.md
2026-04-19T23:19:42Z [CLOSURE_V2] INFO ontology audit: /Users/axiolevns/axiolev_runtime/artifacts/ontology_audit_20260419T231841Z.md
[90m4:19PM[0m [32mINF[0m [1m0 commits scanned.[0m
[90m4:19PM[0m [32mINF[0m [1mscanned ~306581 bytes (306.58 KB) in 374ms[0m
[90m4:19PM[0m [32mINF[0m [1mno leaks found[0m
[boot-operational-closure 6879b92] Z2: live ontology audit — AXIOLEV Holdings LLC © 2026
 3 files changed, 243 insertions(+)
 create mode 100644 artifacts/ontology_audit_20260419T231841Z.md
2026-04-19T23:19:43Z [CLOSURE_V2] >>> Z3 Omega L10 projection/ego layer
2026-04-19T23:19:43Z [CLOSURE_V2] OK   wrote /Users/axiolevns/axiolev_runtime/ns/omega/primitives.py
2026-04-19T23:19:43Z [CLOSURE_V2] OK   wrote /Users/axiolevns/axiolev_runtime/ns/omega/canon_gate.py
2026-04-19T23:19:43Z [CLOSURE_V2] OK   wrote /Users/axiolevns/axiolev_runtime/ns/omega/projection.py
2026-04-19T23:19:43Z [CLOSURE_V2] OK   wrote /Users/axiolevns/axiolev_runtime/ns/omega/ctf.py
2026-04-19T23:19:43Z [CLOSURE_V2] OK   wrote /Users/axiolevns/axiolev_runtime/ns/omega/hic.py
2026-04-19T23:19:43Z [CLOSURE_V2] OK   wrote /Users/axiolevns/axiolev_runtime/ns/omega/pdp.py
2026-04-19T23:19:43Z [CLOSURE_V2] OK   wrote /Users/axiolevns/axiolev_runtime/ns/omega/api.py
2026-04-19T23:19:43Z [CLOSURE_V2] OK   wrote /Users/axiolevns/axiolev_runtime/ns/tests/test_omega_primitives.py
[90m4:19PM[0m [32mINF[0m [1m0 commits scanned.[0m
[90m4:19PM[0m [32mINF[0m [1mscanned ~17679 bytes (17.68 KB) in 22ms[0m
[90m4:19PM[0m [32mINF[0m [1mno leaks found[0m
[boot-operational-closure e8282db] Z3: Omega L10 primitives + canon gate + projection + api — AXIOLEV Holdings LLC © 2026
 10 files changed, 582 insertions(+)
 create mode 100644 ns/omega/api.py
 create mode 100644 ns/omega/canon_gate.py
 create mode 100644 ns/omega/ctf.py
 create mode 100644 ns/omega/hic.py
 create mode 100644 ns/omega/pdp.py
 create mode 100644 ns/omega/primitives.py
 create mode 100644 ns/omega/projection.py
 create mode 100644 ns/tests/test_omega_primitives.py
2026-04-19T23:19:43Z [CLOSURE_V2] >>> Z3b Entity primitive universal schema
2026-04-19T23:19:43Z [CLOSURE_V2] OK   wrote /Users/axiolevns/axiolev_runtime/ns/ug/__init__.py
2026-04-19T23:19:43Z [CLOSURE_V2] OK   wrote /Users/axiolevns/axiolev_runtime/ns/ug/entity.py
2026-04-19T23:19:43Z [CLOSURE_V2] OK   wrote /Users/axiolevns/axiolev_runtime/ns/ug/registry.py
2026-04-19T23:19:43Z [CLOSURE_V2] OK   wrote /Users/axiolevns/axiolev_runtime/ns/ug/temporal.py
2026-04-19T23:19:43Z [CLOSURE_V2] OK   wrote /Users/axiolevns/axiolev_runtime/ns/tests/test_ug_entity.py
[90m4:19PM[0m [32mINF[0m [1m0 commits scanned.[0m
[90m4:19PM[0m [32mINF[0m [1mscanned ~9384 bytes (9.38 KB) in 19.9ms[0m
[90m4:19PM[0m [32mINF[0m [1mno leaks found[0m
[boot-operational-closure 5c5f23a] Z3b: UG Entity primitive + registry + temporal — AXIOLEV Holdings LLC © 2026
 8 files changed, 267 insertions(+)
 create mode 100644 artifacts/entity_primitive_20260419T231841Z.md
 create mode 100644 ns/tests/test_ug_entity.py
 create mode 100644 ns/ug/__init__.py
 create mode 100644 ns/ug/entity.py
 create mode 100644 ns/ug/registry.py
 create mode 100644 ns/ug/temporal.py
2026-04-19T23:19:44Z [CLOSURE_V2] >>> Z4 media engine integration
2026-04-19T23:19:44Z [CLOSURE_V2] WARN media_engine_repo.zip not found at /mnt/user-data/uploads/media_engine_repo.zip — emitting skip receipt
2026-04-19T23:19:44Z [CLOSURE_V2] >>> Z5 UI addition base
2026-04-19T23:19:44Z [CLOSURE_V2] OK   wrote /Users/axiolevns/axiolev_runtime/ns/services/ui/__init__.py
