2026-04-19T23:24:40Z [CLOSURE_V2] >>> NS∞ Closure Max v2 — start 20260419T232440Z
2026-04-19T23:24:40Z [CLOSURE_V2] INFO repo: /Users/axiolevns/axiolev_runtime branch: boot-operational-closure
2026-04-19T23:24:40Z [CLOSURE_V2] INFO flags: scrub=0 push=0 dry=0 pull=0 skip_boot=0 single=
2026-04-19T23:24:40Z [CLOSURE_V2] >>> Z-1 bootstrap gate
2026-04-19T23:24:40Z [CLOSURE_V2] OK   manifold tag present → skipping 7-phase bootstrap (forward-only)
2026-04-19T23:24:40Z [CLOSURE_V2] >>> Z0 preflight + safety
2026-04-19T23:24:40Z [CLOSURE_V2] OK   branch: boot-operational-closure
2026-04-19T23:24:40Z [CLOSURE_V2] OK   Alexandrian Archive mount: /Volumes/NSExternal/ALEXANDRIA (writable)
2026-04-19T23:24:40Z [CLOSURE_V2] INFO YubiKey expected serial: 26116460 (I4/I9 hardware quorum)
2026-04-19T23:24:40Z [CLOSURE_V2] WARN working tree dirty — closure will stage new files only
2026-04-19T23:24:40Z [CLOSURE_V2] >>> Z1 security scrub
2026-04-19T23:24:40Z [CLOSURE_V2] OK   gitleaks present: /opt/homebrew/bin/gitleaks
2026-04-19T23:24:40Z [CLOSURE_V2] INFO guarded skip (already present): /Users/axiolevns/axiolev_runtime/.gitleaks.toml
2026-04-19T23:24:40Z [CLOSURE_V2] ==> gitleaks repo-wide detect
[90m4:24PM[0m [32mINF[0m [1m345 commits scanned.[0m
[90m4:24PM[0m [32mINF[0m [1mscanned ~83360047 bytes (83.36 MB) in 2.32s[0m
[90m4:24PM[0m [33mWRN[0m [1mleaks found: 18[0m
2026-04-19T23:24:42Z [CLOSURE_V2] WARN gitleaks reported findings -> /Users/axiolevns/axiolev_runtime/artifacts/gitleaks_20260419T232440Z.json
2026-04-19T23:24:42Z [CLOSURE_V2] INFO guarded skip (already present): /Users/axiolevns/axiolev_runtime/.git/hooks/pre-commit
[90m4:24PM[0m [32mINF[0m [1m0 commits scanned.[0m
[90m4:24PM[0m [32mINF[0m [1mscanned ~29394 bytes (29.39 KB) in 48ms[0m
[90m4:24PM[0m [32mINF[0m [1mno leaks found[0m
[boot-operational-closure 288bd22] Z1: security scrub + gitleaks hook — AXIOLEV Holdings LLC © 2026
 7 files changed, 578 insertions(+), 22 deletions(-)
 create mode 100644 .terminal_manager/logs/closure_v2_20260419T232440Z.log
 create mode 100644 .terminal_manager/logs/lineage_CLOSURE_V2_20260419T232440Z.jsonl
 create mode 100644 artifacts/closure_v2_return_20260419T231841Z.txt
 create mode 100644 artifacts/gitleaks_20260419T232440Z.json
2026-04-19T23:24:42Z [CLOSURE_V2] >>> Z2 live ontology audit
2026-04-19T23:25:31Z [CLOSURE_V2] WARN deprecated ontology names present — see /Users/axiolevns/axiolev_runtime/artifacts/ontology_audit_20260419T232440Z.md
2026-04-19T23:25:31Z [CLOSURE_V2] INFO ontology audit: /Users/axiolevns/axiolev_runtime/artifacts/ontology_audit_20260419T232440Z.md
