Command line invocation:
    /Applications/Xcode.app/Contents/Developer/usr/bin/xcodebuild -project /Users/axiolevns/axiolev_runtime/apps/ns_mac/NSInfinityApp/NSInfinityApp.xcodeproj -scheme NSInfinityApp -configuration Debug -destination platform=macOS -derivedDataPath /Users/axiolevns/axiolev_runtime/.build/ui_runs/20260423_150030/derived -skipMacroValidation CODE_SIGN_IDENTITY=- CODE_SIGNING_REQUIRED=NO CODE_SIGNING_ALLOWED=NO ONLY_ACTIVE_ARCH=YES build

Build settings from command line:
    CODE_SIGN_IDENTITY = -
    CODE_SIGNING_ALLOWED = NO
    CODE_SIGNING_REQUIRED = NO
    ONLY_ACTIVE_ARCH = YES

2026-04-23 16:22:44.546 xcodebuild[74639:758984] [MT] IDERunDestination: Supported platforms for the buildables in the current scheme is empty.
--- xcodebuild: WARNING: Using the first of multiple matching destinations:
{ platform:macOS, arch:arm64, id:00006032-000270520145801C, name:My Mac }
{ platform:macOS, arch:x86_64, id:00006032-000270520145801C, name:My Mac }
note: Using codesigning identity override: -
ComputePackagePrebuildTargetDependencyGraph

Prepare packages

CreateBuildRequest

SendProjectDescription

CreateBuildOperation

ComputeTargetDependencyGraph
note: Building targets in dependency order
note: Target dependency graph (1 target)
    Target 'NSInfinityApp' in project 'NSInfinityApp' (no dependencies)

GatherProvisioningInputs

CreateBuildDescription

ClangStatCache /Applications/Xcode.app/Contents/Developer/Toolchains/XcodeDefault.xctoolchain/usr/bin/clang-stat-cache /Applications/Xcode.app/Contents/Developer/Platforms/MacOSX.platform/Developer/SDKs/MacOSX26.4.sdk /Users/axiolevns/axiolev_runtime/.build/ui_runs/20260423_150030/derived/SDKStatCaches.noindex/macosx26.4-25E251-688ef53f1462e2c8f657fdc38a81448f30f9ca8789b706f8bd3fc906a70d770f.sdkstatcache
    cd /Users/axiolevns/axiolev_runtime/apps/ns_mac/NSInfinityApp/NSInfinityApp.xcodeproj
    /Applications/Xcode.app/Contents/Developer/Toolchains/XcodeDefault.xctoolchain/usr/bin/clang-stat-cache /Applications/Xcode.app/Contents/Developer/Platforms/MacOSX.platform/Developer/SDKs/MacOSX26.4.sdk -o /Users/axiolevns/axiolev_runtime/.build/ui_runs/20260423_150030/derived/SDKStatCaches.noindex/macosx26.4-25E251-688ef53f1462e2c8f657fdc38a81448f30f9ca8789b706f8bd3fc906a70d770f.sdkstatcache

note: Disabling hardened runtime with ad-hoc codesigning. (in target 'NSInfinityApp' from project 'NSInfinityApp')
Ld /Users/axiolevns/axiolev_runtime/.build/ui_runs/20260423_150030/derived/Build/Products/Debug/NSInfinityApp.app/Contents/MacOS/NSInfinityApp.debug.dylib normal (in target 'NSInfinityApp' from project 'NSInfinityApp')
    cd /Users/axiolevns/axiolev_runtime/apps/ns_mac/NSInfinityApp
    /Applications/Xcode.app/Contents/Developer/Toolchains/XcodeDefault.xctoolchain/usr/bin/clang -Xlinker -reproducible -target arm64-apple-macos14.0 -dynamiclib -isysroot /Applications/Xcode.app/Contents/Developer/Platforms/MacOSX.platform/Developer/SDKs/MacOSX26.4.sdk -O0 -L/Users/axiolevns/axiolev_runtime/.build/ui_runs/20260423_150030/derived/Build/Intermediates.noindex/EagerLinkingTBDs/Debug -L/Users/axiolevns/axiolev_runtime/.build/ui_runs/20260423_150030/derived/Build/Products/Debug -F/Users/axiolevns/axiolev_runtime/.build/ui_runs/20260423_150030/derived/Build/Intermediates.noindex/EagerLinkingTBDs/Debug -F/Users/axiolevns/axiolev_runtime/.build/ui_runs/20260423_150030/derived/Build/Products/Debug -filelist /Users/axiolevns/axiolev_runtime/.build/ui_runs/20260423_150030/derived/Build/Intermediates.noindex/NSInfinityApp.build/Debug/NSInfinityApp.build/Objects-normal/arm64/NSInfinityApp.LinkFileList -install_name @rpath/NSInfinityApp.debug.dylib -Xlinker -rpath -Xlinker /usr/lib/swift -Xlinker -rpath -Xlinker @executable_path/../Frameworks -Xlinker -object_path_lto -Xlinker /Users/axiolevns/axiolev_runtime/.build/ui_runs/20260423_150030/derived/Build/Intermediates.noindex/NSInfinityApp.build/Debug/NSInfinityApp.build/Objects-normal/arm64/NSInfinityApp_lto.o -rdynamic -Xlinker -no_deduplicate -Xlinker -dependency_info -Xlinker /Users/axiolevns/axiolev_runtime/.build/ui_runs/20260423_150030/derived/Build/Intermediates.noindex/NSInfinityApp.build/Debug/NSInfinityApp.build/Objects-normal/arm64/NSInfinityApp_dependency_info.dat -fobjc-link-runtime -L/Applications/Xcode.app/Contents/Developer/Toolchains/XcodeDefault.xctoolchain/usr/lib/swift/macosx -L/usr/lib/swift -Xlinker -add_ast_path -Xlinker /Users/axiolevns/axiolev_runtime/.build/ui_runs/20260423_150030/derived/Build/Intermediates.noindex/NSInfinityApp.build/Debug/NSInfinityApp.build/Objects-normal/arm64/NSInfinityApp.swiftmodule @/Users/axiolevns/axiolev_runtime/.build/ui_runs/20260423_150030/derived/Build/Intermediates.noindex/NSInfinityApp.build/Debug/NSInfinityApp.build/Objects-normal/arm64/NSInfinityApp-linker-args.resp -Xlinker -alias -Xlinker _main -Xlinker ___debug_main_executable_dylib_entry_point -framework Metal -framework MetalKit -o /Users/axiolevns/axiolev_runtime/.build/ui_runs/20260423_150030/derived/Build/Products/Debug/NSInfinityApp.app/Contents/MacOS/NSInfinityApp.debug.dylib

ConstructStubExecutorLinkFileList /Users/axiolevns/axiolev_runtime/.build/ui_runs/20260423_150030/derived/Build/Intermediates.noindex/NSInfinityApp.build/Debug/NSInfinityApp.build/NSInfinityApp-ExecutorLinkFileList-normal-arm64.txt (in target 'NSInfinityApp' from project 'NSInfinityApp')
    cd /Users/axiolevns/axiolev_runtime/apps/ns_mac/NSInfinityApp
    construct-stub-executor-link-file-list /Users/axiolevns/axiolev_runtime/.build/ui_runs/20260423_150030/derived/Build/Products/Debug/NSInfinityApp.app/Contents/MacOS/NSInfinityApp.debug.dylib /Applications/Xcode.app/Contents/Developer/Platforms/MacOSX.platform/Developer/usr/lib/libPreviewsJITStubExecutor_no_swift_entry_point.a /Applications/Xcode.app/Contents/Developer/Platforms/MacOSX.platform/Developer/usr/lib/libPreviewsJITStubExecutor.a --output /Users/axiolevns/axiolev_runtime/.build/ui_runs/20260423_150030/derived/Build/Intermediates.noindex/NSInfinityApp.build/Debug/NSInfinityApp.build/NSInfinityApp-ExecutorLinkFileList-normal-arm64.txt
note: Using stub executor library with Swift entry point. (in target 'NSInfinityApp' from project 'NSInfinityApp')

Ld /Users/axiolevns/axiolev_runtime/.build/ui_runs/20260423_150030/derived/Build/Products/Debug/NSInfinityApp.app/Contents/MacOS/NSInfinityApp normal (in target 'NSInfinityApp' from project 'NSInfinityApp')
    cd /Users/axiolevns/axiolev_runtime/apps/ns_mac/NSInfinityApp
    /Applications/Xcode.app/Contents/Developer/Toolchains/XcodeDefault.xctoolchain/usr/bin/clang -Xlinker -reproducible -target arm64-apple-macos14.0 -isysroot /Applications/Xcode.app/Contents/Developer/Platforms/MacOSX.platform/Developer/SDKs/MacOSX26.4.sdk -O0 -L/Users/axiolevns/axiolev_runtime/.build/ui_runs/20260423_150030/derived/Build/Products/Debug -F/Users/axiolevns/axiolev_runtime/.build/ui_runs/20260423_150030/derived/Build/Products/Debug -Xlinker -rpath -Xlinker @executable_path -Xlinker -rpath -Xlinker @executable_path/../Frameworks -rdynamic -Xlinker -no_deduplicate -e ___debug_blank_executor_main -Xlinker -sectcreate -Xlinker __TEXT -Xlinker __debug_dylib -Xlinker /Users/axiolevns/axiolev_runtime/.build/ui_runs/20260423_150030/derived/Build/Intermediates.noindex/NSInfinityApp.build/Debug/NSInfinityApp.build/NSInfinityApp-DebugDylibPath-normal-arm64.txt -Xlinker -sectcreate -Xlinker __TEXT -Xlinker __debug_instlnm -Xlinker /Users/axiolevns/axiolev_runtime/.build/ui_runs/20260423_150030/derived/Build/Intermediates.noindex/NSInfinityApp.build/Debug/NSInfinityApp.build/NSInfinityApp-DebugDylibInstallName-normal-arm64.txt -Xlinker -filelist -Xlinker /Users/axiolevns/axiolev_runtime/.build/ui_runs/20260423_150030/derived/Build/Intermediates.noindex/NSInfinityApp.build/Debug/NSInfinityApp.build/NSInfinityApp-ExecutorLinkFileList-normal-arm64.txt /Users/axiolevns/axiolev_runtime/.build/ui_runs/20260423_150030/derived/Build/Products/Debug/NSInfinityApp.app/Contents/MacOS/NSInfinityApp.debug.dylib -o /Users/axiolevns/axiolev_runtime/.build/ui_runs/20260423_150030/derived/Build/Products/Debug/NSInfinityApp.app/Contents/MacOS/NSInfinityApp

Ld /Users/axiolevns/axiolev_runtime/.build/ui_runs/20260423_150030/derived/Build/Products/Debug/NSInfinityApp.app/Contents/MacOS/__preview.dylib normal (in target 'NSInfinityApp' from project 'NSInfinityApp')
    cd /Users/axiolevns/axiolev_runtime/apps/ns_mac/NSInfinityApp
    /Applications/Xcode.app/Contents/Developer/Toolchains/XcodeDefault.xctoolchain/usr/bin/clang -Xlinker -reproducible -target arm64-apple-macos14.0 -dynamiclib -isysroot /Applications/Xcode.app/Contents/Developer/Platforms/MacOSX.platform/Developer/SDKs/MacOSX26.4.sdk -O0 -L/Users/axiolevns/axiolev_runtime/.build/ui_runs/20260423_150030/derived/Build/Products/Debug -F/Users/axiolevns/axiolev_runtime/.build/ui_runs/20260423_150030/derived/Build/Products/Debug -install_name @rpath/NSInfinityApp.debug.dylib -rdynamic -Xlinker -no_deduplicate -Xlinker -dependency_info -Xlinker /Users/axiolevns/axiolev_runtime/.build/ui_runs/20260423_150030/derived/Build/Intermediates.noindex/NSInfinityApp.build/Debug/NSInfinityApp.build/Objects-normal/arm64/NSInfinityApp_dependency_info.dat -o /Users/axiolevns/axiolev_runtime/.build/ui_runs/20260423_150030/derived/Build/Products/Debug/NSInfinityApp.app/Contents/MacOS/__preview.dylib

ExtractAppIntentsMetadata (in target 'NSInfinityApp' from project 'NSInfinityApp')
    cd /Users/axiolevns/axiolev_runtime/apps/ns_mac/NSInfinityApp
    /Applications/Xcode.app/Contents/Developer/Toolchains/XcodeDefault.xctoolchain/usr/bin/appintentsmetadataprocessor --toolchain-dir /var/run/com.apple.security.cryptexd/mnt/com.apple.MobileAsset.MetalToolchain-v17.5.188.0.8H4zIP/Metal.xctoolchain --module-name NSInfinityApp --sdk-root /Applications/Xcode.app/Contents/Developer/Platforms/MacOSX.platform/Developer/SDKs/MacOSX26.4.sdk --xcode-version 17E202 --platform-family macOS --deployment-target 14.0 --bundle-identifier com.axiolev.NSInfinityApp --output /Users/axiolevns/axiolev_runtime/.build/ui_runs/20260423_150030/derived/Build/Products/Debug/NSInfinityApp.app/Contents/Resources --target-triple arm64-apple-macos14.0 --binary-file /Users/axiolevns/axiolev_runtime/.build/ui_runs/20260423_150030/derived/Build/Products/Debug/NSInfinityApp.app/Contents/MacOS/NSInfinityApp --dependency-file /Users/axiolevns/axiolev_runtime/.build/ui_runs/20260423_150030/derived/Build/Intermediates.noindex/NSInfinityApp.build/Debug/NSInfinityApp.build/Objects-normal/arm64/NSInfinityApp_dependency_info.dat --stringsdata-file /Users/axiolevns/axiolev_runtime/.build/ui_runs/20260423_150030/derived/Build/Intermediates.noindex/NSInfinityApp.build/Debug/NSInfinityApp.build/Objects-normal/arm64/ExtractedAppShortcutsMetadata.stringsdata --source-file-list /Users/axiolevns/axiolev_runtime/.build/ui_runs/20260423_150030/derived/Build/Intermediates.noindex/NSInfinityApp.build/Debug/NSInfinityApp.build/Objects-normal/arm64/NSInfinityApp.SwiftFileList --metadata-file-list /Users/axiolevns/axiolev_runtime/.build/ui_runs/20260423_150030/derived/Build/Intermediates.noindex/NSInfinityApp.build/Debug/NSInfinityApp.build/NSInfinityApp.DependencyMetadataFileList --static-metadata-file-list /Users/axiolevns/axiolev_runtime/.build/ui_runs/20260423_150030/derived/Build/Intermediates.noindex/NSInfinityApp.build/Debug/NSInfinityApp.build/NSInfinityApp.DependencyStaticMetadataFileList --swift-const-vals-list /Users/axiolevns/axiolev_runtime/.build/ui_runs/20260423_150030/derived/Build/Intermediates.noindex/NSInfinityApp.build/Debug/NSInfinityApp.build/Objects-normal/arm64/NSInfinityApp.SwiftConstValuesFileList --compile-time-extraction --deployment-aware-processing --validate-assistant-intents --no-app-shortcuts-localization
2026-04-23 16:22:45.220 appintentsmetadataprocessor[74654:759256] Starting appintentsmetadataprocessor export
2026-04-23 16:22:45.222 appintentsmetadataprocessor[74654:759256] warning: Metadata extraction skipped. No AppIntents.framework dependency found.

CopySwiftLibs /Users/axiolevns/axiolev_runtime/.build/ui_runs/20260423_150030/derived/Build/Products/Debug/NSInfinityApp.app (in target 'NSInfinityApp' from project 'NSInfinityApp')
    cd /Users/axiolevns/axiolev_runtime/apps/ns_mac/NSInfinityApp
    builtin-swiftStdLibTool --copy --verbose --scan-executable /Users/axiolevns/axiolev_runtime/.build/ui_runs/20260423_150030/derived/Build/Products/Debug/NSInfinityApp.app/Contents/MacOS/NSInfinityApp.debug.dylib --scan-folder /Users/axiolevns/axiolev_runtime/.build/ui_runs/20260423_150030/derived/Build/Products/Debug/NSInfinityApp.app/Contents/Frameworks --scan-folder /Users/axiolevns/axiolev_runtime/.build/ui_runs/20260423_150030/derived/Build/Products/Debug/NSInfinityApp.app/Contents/PlugIns --scan-folder /Users/axiolevns/axiolev_runtime/.build/ui_runs/20260423_150030/derived/Build/Products/Debug/NSInfinityApp.app/Contents/Library/SystemExtensions --scan-folder /Users/axiolevns/axiolev_runtime/.build/ui_runs/20260423_150030/derived/Build/Products/Debug/NSInfinityApp.app/Contents/Extensions --scan-folder /Applications/Xcode.app/Contents/Developer/Platforms/MacOSX.platform/Developer/SDKs/MacOSX26.4.sdk/System/Library/Frameworks/Metal.framework --scan-folder /Applications/Xcode.app/Contents/Developer/Platforms/MacOSX.platform/Developer/SDKs/MacOSX26.4.sdk/System/Library/Frameworks/MetalKit.framework --platform macosx --toolchain /var/run/com.apple.security.cryptexd/mnt/com.apple.MobileAsset.MetalToolchain-v17.5.188.0.8H4zIP/Metal.xctoolchain --toolchain /Applications/Xcode.app/Contents/Developer/Toolchains/XcodeDefault.xctoolchain --destination /Users/axiolevns/axiolev_runtime/.build/ui_runs/20260423_150030/derived/Build/Products/Debug/NSInfinityApp.app/Contents/Frameworks --strip-bitcode --strip-bitcode-tool /Applications/Xcode.app/Contents/Developer/Toolchains/XcodeDefault.xctoolchain/usr/bin/bitcode_strip --emit-dependency-info /Users/axiolevns/axiolev_runtime/.build/ui_runs/20260423_150030/derived/Build/Intermediates.noindex/NSInfinityApp.build/Debug/NSInfinityApp.build/SwiftStdLibToolInputDependencies.dep --filter-for-swift-os --back-deploy-swift-span
Ignoring --strip-bitcode because --sign was not passed

** BUILD SUCCEEDED **

