#1 [internal] load local bake definitions
#1 reading from stdin 1.53kB done
#1 DONE 0.0s

#2 [ns internal] load build definition from Dockerfile
#2 transferring dockerfile: 294B done
#2 DONE 0.0s

#3 [handrail internal] load build definition from Dockerfile
#3 transferring dockerfile: 298B done
#3 DONE 0.0s

#4 [continuum internal] load build definition from Dockerfile
#4 transferring dockerfile: 290B done
#4 DONE 0.0s

#5 [handrail internal] load metadata for docker.io/library/python:3.12-slim
#5 DONE 5.7s

#6 [continuum internal] load .dockerignore
#6 transferring context: 2B done
#6 DONE 0.0s

#7 [handrail internal] load .dockerignore
#7 transferring context: 2B done
#7 DONE 0.0s

#8 [ns internal] load .dockerignore
#8 transferring context: 2B done
#8 DONE 0.0s

#9 [handrail internal] load build context
#9 transferring context: 1.17kB done
#9 DONE 0.0s

#10 [handrail 1/5] FROM docker.io/library/python:3.12-slim@sha256:f3fa41d74a768c2fce8016b98c191ae8c1bacd8f1152870a3f9f87d350920b7c
#10 resolve docker.io/library/python:3.12-slim@sha256:f3fa41d74a768c2fce8016b98c191ae8c1bacd8f1152870a3f9f87d350920b7c 0.0s done
#10 DONE 0.0s

#11 [handrail 2/5] WORKDIR /app
#11 CACHED

#12 [handrail 3/4] RUN pip install --no-cache-dir fastapi uvicorn pydantic
#12 CACHED

#13 [handrail 4/4] COPY handrail ./handrail
#13 CACHED

#14 [handrail] exporting to image
#14 exporting layers done
#14 exporting manifest sha256:76708942e1c2a8887966b3e672ad81b9728a8f0a9c23f514820a4ae88561868d done
#14 exporting config sha256:ac468512fda19e9b148304801a3ca3209320daf1a73d79153ce907780f86a4a7 done
#14 exporting attestation manifest sha256:cf6c56d71955b85e155c265443bd2310bdb051cb4a825fe4b2cf58a2fbfc67c1 0.1s done
#14 exporting manifest list sha256:26177c543321b5eeb152493d13327773d95e2f78f62d3f5f6e8d61e8f494e4ad done
#14 naming to docker.io/library/axiolev_runtime-handrail:latest done
#14 unpacking to docker.io/library/axiolev_runtime-handrail:latest done
#14 DONE 0.1s

#15 [continuum internal] load build context
#15 transferring context: 371.98kB 0.2s done
#15 DONE 0.3s

#16 [handrail] resolving provenance for metadata file
#16 DONE 0.0s

#17 [ns internal] load build context
#17 ...

#18 [continuum 3/5] COPY . .
#18 CACHED

#11 [continuum 2/5] WORKDIR /app
#11 CACHED

#19 [continuum 4/5] RUN pip install --no-cache-dir -r requirements.txt || true
#19 CACHED

#20 [continuum 5/5] RUN pip install --no-cache-dir fastapi uvicorn
#20 CACHED

#21 [continuum] exporting to image
#21 exporting layers done
#21 exporting manifest sha256:8c1f245b3f47f3789c5f3e49d486245bf320dcf2efa1f7e06e13080fc90b1923 done
#21 exporting config sha256:814fc79623c3809915a4106ff651b496b7544a2d526bad3e26a178e0460781e7 done
#21 exporting attestation manifest sha256:32b7179b026d96dbdffe4b70ebf544916dcfa268d318a929257c919b6cc8d535 0.0s done
#21 exporting manifest list sha256:a5b18555205a44710435b4673625dcc1763696b55ceaa914683087a54a79e1fe done
#21 naming to docker.io/library/axiolev_runtime-continuum:latest done
#21 unpacking to docker.io/library/axiolev_runtime-continuum:latest done
#21 DONE 0.1s

#22 [continuum] resolving provenance for metadata file
#22 DONE 0.0s

#17 [ns internal] load build context
#17 transferring context: 3.80MB 1.2s done
#17 DONE 1.3s

#23 [ns 3/5] COPY . .
#23 CACHED

#11 [ns 2/5] WORKDIR /app
#11 CACHED

#24 [ns 4/5] RUN pip install --no-cache-dir -r requirements.txt || true
#24 CACHED

#25 [ns 5/5] RUN pip install --no-cache-dir fastapi uvicorn
#25 CACHED

#26 [ns] exporting to image
#26 exporting layers done
#26 exporting manifest sha256:6bcd4979b7b9352e41b51006911e62e589a0540f3b1d26cf83a7b310b3eee98e done
#26 exporting config sha256:976d4acd399aa8b463c290004379c5020dfa0834cdea89fa4d7c10a067b8c96c done
#26 exporting attestation manifest sha256:464df44ce391e157b9491631e40696055f0b2714c267e781a0d970b4ce50a9c7 0.0s done
#26 exporting manifest list sha256:e401e3837953e57e68098dece5a1e990e881b3d3ad547fb00567a67d37588664 done
#26 naming to docker.io/library/axiolev_runtime-ns:latest done
#26 unpacking to docker.io/library/axiolev_runtime-ns:latest done
#26 DONE 0.0s

#27 [ns] resolving provenance for metadata file
#27 DONE 0.0s
